0 info it worked if it ends with ok
1 verbose cli [ '/home/deployer/.nvm/v0.10.21/bin/node',
1 verbose cli   '/home/deployer/.nvm/v0.10.21/bin/npm',
1 verbose cli   'install',
1 verbose cli   'forever',
1 verbose cli   '-g' ]
2 info using npm@1.3.11
3 info using node@v0.10.21
4 verbose cache add [ 'forever', null ]
5 verbose cache add name=undefined spec="forever" args=["forever",null]
6 verbose parsed url { protocol: null,
6 verbose parsed url   slashes: null,
6 verbose parsed url   auth: null,
6 verbose parsed url   host: null,
6 verbose parsed url   port: null,
6 verbose parsed url   hostname: null,
6 verbose parsed url   hash: null,
6 verbose parsed url   search: null,
6 verbose parsed url   query: null,
6 verbose parsed url   pathname: 'forever',
6 verbose parsed url   path: 'forever',
6 verbose parsed url   href: 'forever' }
7 silly lockFile e07f8c4a-forever forever
8 verbose lock forever /home/scott/.npm/e07f8c4a-forever.lock
9 silly lockFile e07f8c4a-forever forever
10 silly lockFile e07f8c4a-forever forever
11 verbose addNamed [ 'forever', '' ]
12 verbose addNamed [ null, '*' ]
13 silly lockFile 28ef027b-forever forever@
14 verbose lock forever@ /home/scott/.npm/28ef027b-forever.lock
15 silly addNameRange { name: 'forever', range: '*', hasData: false }
16 verbose url raw forever
17 verbose url resolving [ 'https://registry.npmjs.org/', './forever' ]
18 verbose url resolved https://registry.npmjs.org/forever
19 info trying registry request attempt 1 at 22:36:14
20 verbose etag "7H4OHBBGP6GDTTHIL5TIZAQQ"
21 http GET https://registry.npmjs.org/forever
22 http 200 https://registry.npmjs.org/forever
23 silly registry.get cb [ 200,
23 silly registry.get   { vary: 'Accept',
23 silly registry.get     server: 'CouchDB/1.5.0 (Erlang OTP/R15B03)',
23 silly registry.get     etag: '"6K5GE4ERQ19JR72QPO4U41V35"',
23 silly registry.get     date: 'Fri, 06 Dec 2013 06:36:18 GMT',
23 silly registry.get     'content-type': 'application/json',
23 silly registry.get     'content-length': '144619' } ]
24 silly addNameRange number 2 { name: 'forever', range: '*', hasData: true }
25 silly addNameRange versions [ 'forever',
25 silly addNameRange   [ '0.6.0',
25 silly addNameRange     '0.6.1',
25 silly addNameRange     '0.6.2',
25 silly addNameRange     '0.6.3',
25 silly addNameRange     '0.6.4',
25 silly addNameRange     '0.6.5',
25 silly addNameRange     '0.6.6',
25 silly addNameRange     '0.6.7',
25 silly addNameRange     '0.6.8',
25 silly addNameRange     '0.6.9',
25 silly addNameRange     '0.7.0',
25 silly addNameRange     '0.7.1',
25 silly addNameRange     '0.7.2',
25 silly addNameRange     '0.7.3',
25 silly addNameRange     '0.7.4',
25 silly addNameRange     '0.7.5',
25 silly addNameRange     '0.8.0',
25 silly addNameRange     '0.8.1',
25 silly addNameRange     '0.8.2',
25 silly addNameRange     '0.8.3',
25 silly addNameRange     '0.8.4',
25 silly addNameRange     '0.8.5',
25 silly addNameRange     '0.9.0',
25 silly addNameRange     '0.9.1',
25 silly addNameRange     '0.9.2',
25 silly addNameRange     '0.10.0',
25 silly addNameRange     '0.10.5',
25 silly addNameRange     '0.10.6',
25 silly addNameRange     '0.10.7',
25 silly addNameRange     '0.10.8',
25 silly addNameRange     '0.10.9',
25 silly addNameRange     '0.10.10' ] ]
26 verbose addNamed [ 'forever', '0.10.10' ]
27 verbose addNamed [ '0.10.10', '0.10.10' ]
28 silly lockFile d756cd98-forever-0-10-10 forever@0.10.10
29 verbose lock forever@0.10.10 /home/scott/.npm/d756cd98-forever-0-10-10.lock
30 silly lockFile 678eb8a0--org-forever-forever-0-10-10-tgz https://registry.npmjs.org/forever/-/forever-0.10.10.tgz
31 verbose lock https://registry.npmjs.org/forever/-/forever-0.10.10.tgz /home/scott/.npm/678eb8a0--org-forever-forever-0-10-10-tgz.lock
32 verbose addRemoteTarball [ 'https://registry.npmjs.org/forever/-/forever-0.10.10.tgz',
32 verbose addRemoteTarball   '2328bc366bd392e1536f34f866ec39d31ddf5a12' ]
33 info retry fetch attempt 1 at 22:36:18
34 verbose fetch to= /home/scott/tmp/npm-7484-oogK0x_w/1386311778734-0.46664212737232447/tmp.tgz
35 http GET https://registry.npmjs.org/forever/-/forever-0.10.10.tgz
36 http 200 https://registry.npmjs.org/forever/-/forever-0.10.10.tgz
37 verbose tar unpack /home/scott/tmp/npm-7484-oogK0x_w/1386311778734-0.46664212737232447/tmp.tgz
38 silly lockFile db5d593e-8734-0-46664212737232447-package tar:///home/scott/tmp/npm-7484-oogK0x_w/1386311778734-0.46664212737232447/package
39 verbose lock tar:///home/scott/tmp/npm-7484-oogK0x_w/1386311778734-0.46664212737232447/package /home/scott/.npm/db5d593e-8734-0-46664212737232447-package.lock
40 silly lockFile 09fef4fd-8734-0-46664212737232447-tmp-tgz tar:///home/scott/tmp/npm-7484-oogK0x_w/1386311778734-0.46664212737232447/tmp.tgz
41 verbose lock tar:///home/scott/tmp/npm-7484-oogK0x_w/1386311778734-0.46664212737232447/tmp.tgz /home/scott/.npm/09fef4fd-8734-0-46664212737232447-tmp-tgz.lock
42 silly gunzTarPerm modes [ '755', '644' ]
43 silly gunzTarPerm extractEntry package.json
44 silly gunzTarPerm extractEntry .npmignore
45 silly gunzTarPerm extractEntry README.md
46 silly gunzTarPerm extractEntry LICENSE
47 silly gunzTarPerm extractEntry .travis.yml
48 silly gunzTarPerm extractEntry CHANGELOG.md
49 silly gunzTarPerm extractEntry bin/forever
50 silly gunzTarPerm extractEntry bin/foreverd
51 silly gunzTarPerm extractEntry bin/monitor
52 silly gunzTarPerm extractEntry lib/forever.js
53 silly gunzTarPerm extractEntry lib/forever/cli.js
54 silly gunzTarPerm extractEntry lib/forever/worker.js
55 silly gunzTarPerm extractEntry lib/forever/service/cli.js
56 silly gunzTarPerm extractEntry lib/forever/service/index.js
57 silly gunzTarPerm extractEntry lib/forever/service/service.js
58 silly gunzTarPerm extractEntry lib/forever/service/adapters/adapter.js
59 silly gunzTarPerm extractEntry lib/forever/service/adapters/initd/index.js
60 silly gunzTarPerm extractEntry lib/forever/service/adapters/systemv/index.js
61 silly gunzTarPerm extractEntry lib/forever/service/adapters/systemv/foreverd
62 silly gunzTarPerm extractEntry test/cli-test
63 silly gunzTarPerm extractEntry test/core/tail-stopall-test.js
64 silly gunzTarPerm extractEntry test/fixtures/log-on-interval.js
65 silly gunzTarPerm extractEntry test/fixtures/server.js
66 silly gunzTarPerm extractEntry test/fixtures/start-daemon.js
67 silly gunzTarPerm extractEntry test/helpers/macros.js
68 silly gunzTarPerm extractEntry test/helpers/mocks/child-process.js
69 silly gunzTarPerm extractEntry test/helpers/mocks/monitor.js
70 silly gunzTarPerm extractEntry test/helpers/mocks/stream.js
71 silly gunzTarPerm extractEntry test/service/simple-test.js
72 silly gunzTarPerm extractEntry test/worker/multiple-workers-test.js
73 silly gunzTarPerm extractEntry test/worker/simple-test.js
74 silly lockFile db5d593e-8734-0-46664212737232447-package tar:///home/scott/tmp/npm-7484-oogK0x_w/1386311778734-0.46664212737232447/package
75 silly lockFile db5d593e-8734-0-46664212737232447-package tar:///home/scott/tmp/npm-7484-oogK0x_w/1386311778734-0.46664212737232447/package
76 silly lockFile 09fef4fd-8734-0-46664212737232447-tmp-tgz tar:///home/scott/tmp/npm-7484-oogK0x_w/1386311778734-0.46664212737232447/tmp.tgz
77 silly lockFile 09fef4fd-8734-0-46664212737232447-tmp-tgz tar:///home/scott/tmp/npm-7484-oogK0x_w/1386311778734-0.46664212737232447/tmp.tgz
78 verbose tar pack [ '/home/scott/.npm/forever/0.10.10/package.tgz',
78 verbose tar pack   '/home/scott/tmp/npm-7484-oogK0x_w/1386311778734-0.46664212737232447/package' ]
79 verbose tarball /home/scott/.npm/forever/0.10.10/package.tgz
80 verbose folder /home/scott/tmp/npm-7484-oogK0x_w/1386311778734-0.46664212737232447/package
81 silly lockFile db5d593e-8734-0-46664212737232447-package tar:///home/scott/tmp/npm-7484-oogK0x_w/1386311778734-0.46664212737232447/package
82 verbose lock tar:///home/scott/tmp/npm-7484-oogK0x_w/1386311778734-0.46664212737232447/package /home/scott/.npm/db5d593e-8734-0-46664212737232447-package.lock
83 silly lockFile a2acaa00--npm-forever-0-10-10-package-tgz tar:///home/scott/.npm/forever/0.10.10/package.tgz
84 verbose lock tar:///home/scott/.npm/forever/0.10.10/package.tgz /home/scott/.npm/a2acaa00--npm-forever-0-10-10-package-tgz.lock
85 silly lockFile db5d593e-8734-0-46664212737232447-package tar:///home/scott/tmp/npm-7484-oogK0x_w/1386311778734-0.46664212737232447/package
86 silly lockFile db5d593e-8734-0-46664212737232447-package tar:///home/scott/tmp/npm-7484-oogK0x_w/1386311778734-0.46664212737232447/package
87 silly lockFile a2acaa00--npm-forever-0-10-10-package-tgz tar:///home/scott/.npm/forever/0.10.10/package.tgz
88 silly lockFile a2acaa00--npm-forever-0-10-10-package-tgz tar:///home/scott/.npm/forever/0.10.10/package.tgz
89 silly lockFile fa164147-cott-npm-forever-0-10-10-package /home/scott/.npm/forever/0.10.10/package
90 verbose lock /home/scott/.npm/forever/0.10.10/package /home/scott/.npm/fa164147-cott-npm-forever-0-10-10-package.lock
91 silly lockFile fa164147-cott-npm-forever-0-10-10-package /home/scott/.npm/forever/0.10.10/package
92 silly lockFile fa164147-cott-npm-forever-0-10-10-package /home/scott/.npm/forever/0.10.10/package
93 verbose tar unpack /home/scott/.npm/forever/0.10.10/package.tgz
94 silly lockFile c691d5eb-cott-npm-forever-0-10-10-package tar:///home/scott/.npm/forever/0.10.10/package
95 verbose lock tar:///home/scott/.npm/forever/0.10.10/package /home/scott/.npm/c691d5eb-cott-npm-forever-0-10-10-package.lock
96 silly lockFile a2acaa00--npm-forever-0-10-10-package-tgz tar:///home/scott/.npm/forever/0.10.10/package.tgz
97 verbose lock tar:///home/scott/.npm/forever/0.10.10/package.tgz /home/scott/.npm/a2acaa00--npm-forever-0-10-10-package-tgz.lock
98 silly gunzTarPerm modes [ '755', '644' ]
99 silly gunzTarPerm extractEntry package.json
100 silly gunzTarPerm extractEntry .npmignore
101 silly gunzTarPerm extractEntry README.md
102 silly gunzTarPerm extractEntry LICENSE
103 silly gunzTarPerm extractEntry .travis.yml
104 silly gunzTarPerm extractEntry CHANGELOG.md
105 silly gunzTarPerm extractEntry bin/forever
106 silly gunzTarPerm extractEntry bin/foreverd
107 silly gunzTarPerm extractEntry bin/monitor
108 silly gunzTarPerm extractEntry lib/forever.js
109 silly gunzTarPerm extractEntry lib/forever/cli.js
110 silly gunzTarPerm extractEntry lib/forever/worker.js
111 silly gunzTarPerm extractEntry lib/forever/service/cli.js
112 silly gunzTarPerm extractEntry lib/forever/service/index.js
113 silly gunzTarPerm extractEntry lib/forever/service/service.js
114 silly gunzTarPerm extractEntry lib/forever/service/adapters/adapter.js
115 silly gunzTarPerm extractEntry lib/forever/service/adapters/initd/index.js
116 silly gunzTarPerm extractEntry lib/forever/service/adapters/systemv/index.js
117 silly gunzTarPerm extractEntry lib/forever/service/adapters/systemv/foreverd
118 silly gunzTarPerm extractEntry test/cli-test
119 silly gunzTarPerm extractEntry test/core/tail-stopall-test.js
120 silly gunzTarPerm extractEntry test/fixtures/log-on-interval.js
121 silly gunzTarPerm extractEntry test/fixtures/server.js
122 silly gunzTarPerm extractEntry test/fixtures/start-daemon.js
123 silly gunzTarPerm extractEntry test/helpers/macros.js
124 silly gunzTarPerm extractEntry test/helpers/mocks/child-process.js
125 silly gunzTarPerm extractEntry test/helpers/mocks/monitor.js
126 silly gunzTarPerm extractEntry test/helpers/mocks/stream.js
127 silly gunzTarPerm extractEntry test/service/simple-test.js
128 silly gunzTarPerm extractEntry test/worker/multiple-workers-test.js
129 silly gunzTarPerm extractEntry test/worker/simple-test.js
130 silly lockFile c691d5eb-cott-npm-forever-0-10-10-package tar:///home/scott/.npm/forever/0.10.10/package
131 silly lockFile c691d5eb-cott-npm-forever-0-10-10-package tar:///home/scott/.npm/forever/0.10.10/package
132 silly lockFile a2acaa00--npm-forever-0-10-10-package-tgz tar:///home/scott/.npm/forever/0.10.10/package.tgz
133 silly lockFile a2acaa00--npm-forever-0-10-10-package-tgz tar:///home/scott/.npm/forever/0.10.10/package.tgz
134 verbose chmod /home/scott/.npm/forever/0.10.10/package.tgz 644
135 verbose chown /home/scott/.npm/forever/0.10.10/package.tgz [ 1000, 1000 ]
136 silly lockFile 678eb8a0--org-forever-forever-0-10-10-tgz https://registry.npmjs.org/forever/-/forever-0.10.10.tgz
137 silly lockFile 678eb8a0--org-forever-forever-0-10-10-tgz https://registry.npmjs.org/forever/-/forever-0.10.10.tgz
138 silly lockFile d756cd98-forever-0-10-10 forever@0.10.10
139 silly lockFile d756cd98-forever-0-10-10 forever@0.10.10
140 silly lockFile 28ef027b-forever forever@
141 silly lockFile 28ef027b-forever forever@
142 silly resolved [ { name: 'forever',
142 silly resolved     preferGlobal: 'true',
142 silly resolved     description: 'A simple CLI tool for ensuring that a given node script runs continuously (i.e. forever)',
142 silly resolved     version: '0.10.10',
142 silly resolved     author: { name: 'Nodejitsu Inc.', email: 'info@nodejitsu.com' },
142 silly resolved     maintainers: [ [Object], [Object], [Object] ],
142 silly resolved     repository: { type: 'git', url: 'http://github.com/nodejitsu/forever.git' },
142 silly resolved     keywords: [ 'cli', 'fault tolerant', 'sysadmin', 'tools' ],
142 silly resolved     dependencies:
142 silly resolved      { colors: '0.6.0-1',
142 silly resolved        cliff: '0.1.8',
142 silly resolved        flatiron: '0.3.5',
142 silly resolved        'forever-monitor': '1.2.3',
142 silly resolved        nconf: '0.6.7',
142 silly resolved        nssocket: '~0.5.1',
142 silly resolved        optimist: '0.4.0',
142 silly resolved        pkginfo: '0.3.0',
142 silly resolved        timespan: '2.1.0',
142 silly resolved        watch: '0.7.0',
142 silly resolved        utile: '0.1.7',
142 silly resolved        winston: '0.7.1' },
142 silly resolved     devDependencies:
142 silly resolved      { broadway: '0.2.x',
142 silly resolved        eventemitter2: '0.4.x',
142 silly resolved        request: '2.x.x',
142 silly resolved        vows: '0.7.x' },
142 silly resolved     bin: { forever: './bin/forever', foreverd: './bin/foreverd' },
142 silly resolved     main: './lib/forever',
142 silly resolved     scripts: { test: 'vows test/**/*-test.js --spec -i' },
142 silly resolved     engines: { node: '>= 0.8.x' },
142 silly resolved     readme: '# forever [![Build Status](https://secure.travis-ci.org/nodejitsu/forever.png)](http://travis-ci.org/nodejitsu/forever)\n\nA simple CLI tool for ensuring that a given script runs continuously (i.e. forever).\n\n## Installation\n\n``` bash\n  $ [sudo] npm install forever -g\n```\n\n**Note:** If you are using forever _programatically_ you should install [forever-monitor][0].\n\n``` bash\n  $ cd /path/to/your/project\n  $ [sudo] npm install forever-monitor\n```\n\n## Usage\nThere are two distinct ways to use forever: through the command line interface, or by requiring the forever module in your own code. **Note:** If you are using forever _programatically_ you should install [forever-monitor][0].\n\n### Using forever from the command line\nYou can use forever to run any kind of script continuously (whether it is written in node.js or not). The usage options are simple:\n\n```\n  $ forever --help\n  usage: forever [action] [options] SCRIPT [script-options]\n\n  Monitors the script specified in the current process or as a daemon\n\n  actions:\n    start               Start SCRIPT as a daemon\n    stop                Stop the daemon SCRIPT\n    stopall             Stop all running forever scripts\n    restart             Restart the daemon SCRIPT\n    restartall          Restart all running forever scripts\n    list                List all running forever scripts\n    config              Lists all forever user configuration\n    set <key> <val>     Sets the specified forever config <key>\n    clear <key>         Clears the specified forever config <key>\n    logs                Lists log files for all forever processes\n    logs <script|index> Tails the logs for <script|index>\n    columns add <col>   Adds the specified column to the output in `forever list`\n    columns rm <col>    Removed the specified column from the output in `forever list`\n    columns set <cols>  Set all columns for the output in `forever list`\n    cleanlogs           [CAREFUL] Deletes all historical forever log files\n\n  options:\n    -m  MAX          Only run the specified script MAX times\n    -l  LOGFILE      Logs the forever output to LOGFILE\n    -o  OUTFILE      Logs stdout from child script to OUTFILE\n    -e  ERRFILE      Logs stderr from child script to ERRFILE\n    -p  PATH         Base path for all forever related files (pid files, etc.)\n    -c  COMMAND      COMMAND to execute (defaults to node)\n    -a, --append     Append logs\n    -f, --fifo       Stream logs to stdout\n    -n, --number     Number of log lines to print\n    --pidFile        The pid file\n    --sourceDir      The source directory for which SCRIPT is relative to\n    --minUptime      Minimum uptime (millis) for a script to not be considered "spinning"\n    --spinSleepTime  Time to wait (millis) between launches of a spinning script.\n    --colors         --no-colors will disable output coloring\n    --plain          Disable command line colors\n    -d, --debug      Forces forever to log debug output\n    -v, --verbose    Turns on the verbose messages from Forever\n    -s, --silent     Run the child script silencing stdout and stderr\n    -w, --watch      Watch for file changes\n    --watchDirectory Top-level directory to watch from\n    --watchIgnore    To ignore pattern when watch is enabled (multiple option is allowed)\n    -h, --help       You\'re staring at it\n\n  [Long Running Process]\n    The forever process will continue to run outputting log messages to the console.\n    ex. forever -o out.log -e err.log my-script.js\n\n  [Daemon]\n    The forever process will run as a daemon which will make the target process start\n    in the background. This is extremely useful for remote starting simple node.js scripts\n    without using nohup. It is recommended to run start with -o -l, & -e.\n    ex. forever start -l forever.log -o out.log -e err.log my-daemon.js\n        forever stop my-daemon.js\n```\n\nThere are [several examples][1] designed to test the fault tolerance of forever. Here\'s a simple usage example:\n\n``` bash\n  $ forever -m 5 examples/error-on-timer.js\n```\n\n## Using forever module from node.js\nIn addition to using a Forever object, the forever module also exposes some useful methods. Each method returns an instance of an EventEmitter which emits when complete. See the [forever cli commands][2] for sample usage.\n\n**Remark:** As of `forever@0.6.0` processes will not automatically be available in `forever.list()`. In order to get your processes into `forever.list()` or `forever list` you must instantiate the `forever` socket server:\n\n``` js\n  forever.startServer(child);\n```\n\n### forever.load (config)\n_Synchronously_ sets the specified configuration (config) for the forever module. There are two important options:\n\n* root:    Directory to put all default forever log files\n* pidPath: Directory to put all forever *.pid files\n\n### forever.start (file, options)\nStarts a script with forever.\n\n### forever.startDaemon (file, options)\nStarts a script with forever as a daemon. WARNING: Will daemonize the current process.\n\n### forever.stop (index)\nStops the forever daemon script at the specified index. These indices are the same as those returned by forever.list(). This method returns an EventEmitter that raises the \'stop\' event when complete.\n\n### forever.stopAll (format)\nStops all forever scripts currently running. This method returns an EventEmitter that raises the \'stopAll\' event when complete.\n\n### forever.list (format, callback)\nReturns a list of metadata objects about each process that is being run using forever. This method is synchronous and will return the list of metadata as such. Only processes which have invoked `forever.startServer()` will be available from `forever.list()`\n\n### forever.tail (target, options, callback)\nResponds with the logs from the target script(s) from `tail`. There are two important options:\n\n* `length` (numeric): is is used as the `-n` parameter to `tail`.\n* `stream` (boolean): is is used as the `-f` parameter to `tail`.\n\n### forever.cleanUp ()\nCleans up any extraneous forever *.pid files that are on the target system. This method returns an EventEmitter that raises the \'cleanUp\' event when complete.\n\n### forever.cleanLogsSync (processes)\nRemoves all log files from the root forever directory that do not belong to current running forever processes.\n\n## Run Tests\n\n``` bash\n  $ npm test\n```\n\n#### License: MIT\n#### Author: [Charlie Robbins](http://github.com/indexzero)\n#### Contributors: [Fedor Indutny](http://github.com/indutny), [James Halliday](http://substack.net/), [Charlie McConnell](http://github.com/avianflu), [Maciej Malecki](http://github.com/mmalecki), [John Lancaster](http://jlank.com)\n\n[0]: http://github.com/nodejitsu/forever-monitor\n[1]: http://github.com/nodejitsu/forever-monitor/tree/master/examples\n[2]: https://github.com/nodejitsu/forever/blob/master/lib/forever/cli.js\n',
142 silly resolved     readmeFilename: 'README.md',
142 silly resolved     bugs: { url: 'https://github.com/nodejitsu/forever/issues' },
142 silly resolved     _id: 'forever@0.10.10',
142 silly resolved     dist: { shasum: '2328bc366bd392e1536f34f866ec39d31ddf5a12' },
142 silly resolved     _from: 'forever@',
142 silly resolved     _resolved: 'https://registry.npmjs.org/forever/-/forever-0.10.10.tgz' } ]
143 info install forever@0.10.10 into /home/deployer/.nvm/v0.10.21/lib
144 info installOne forever@0.10.10
145 info /home/deployer/.nvm/v0.10.21/lib/node_modules/forever unbuild
146 verbose tar unpack /home/scott/.npm/forever/0.10.10/package.tgz
147 silly lockFile 9eadcf88-0-10-21-lib-node-modules-forever tar:///home/deployer/.nvm/v0.10.21/lib/node_modules/forever
148 verbose lock tar:///home/deployer/.nvm/v0.10.21/lib/node_modules/forever /home/scott/.npm/9eadcf88-0-10-21-lib-node-modules-forever.lock
149 silly lockFile a2acaa00--npm-forever-0-10-10-package-tgz tar:///home/scott/.npm/forever/0.10.10/package.tgz
150 verbose lock tar:///home/scott/.npm/forever/0.10.10/package.tgz /home/scott/.npm/a2acaa00--npm-forever-0-10-10-package-tgz.lock
151 silly gunzTarPerm modes [ '755', '644' ]
152 error Error: EACCES, mkdir '/home/deployer/.nvm/v0.10.21/lib/node_modules/forever'
152 error  { [Error: EACCES, mkdir '/home/deployer/.nvm/v0.10.21/lib/node_modules/forever']
152 error   errno: 3,
152 error   code: 'EACCES',
152 error   path: '/home/deployer/.nvm/v0.10.21/lib/node_modules/forever',
152 error   fstream_type: 'Directory',
152 error   fstream_path: '/home/deployer/.nvm/v0.10.21/lib/node_modules/forever',
152 error   fstream_class: 'DirWriter',
152 error   fstream_stack:
152 error    [ '/home/deployer/.nvm/v0.10.21/lib/node_modules/npm/node_modules/fstream/lib/dir-writer.js:36:23',
152 error      '/home/deployer/.nvm/v0.10.21/lib/node_modules/npm/node_modules/mkdirp/index.js:37:53',
152 error      'Object.oncomplete (fs.js:107:15)' ] }
153 error Please try running this command again as root/Administrator.
154 error System Linux 3.2.0-55-generic-pae
155 error command "/home/deployer/.nvm/v0.10.21/bin/node" "/home/deployer/.nvm/v0.10.21/bin/npm" "install" "forever" "-g"
156 error cwd /home/scott/Prod/umento
157 error node -v v0.10.21
158 error npm -v 1.3.11
159 error path /home/deployer/.nvm/v0.10.21/lib/node_modules/forever
160 error fstream_path /home/deployer/.nvm/v0.10.21/lib/node_modules/forever
161 error fstream_type Directory
162 error fstream_class DirWriter
163 error code EACCES
164 error errno 3
165 error stack Error: EACCES, mkdir '/home/deployer/.nvm/v0.10.21/lib/node_modules/forever'
166 error fstream_stack /home/deployer/.nvm/v0.10.21/lib/node_modules/npm/node_modules/fstream/lib/dir-writer.js:36:23
166 error fstream_stack /home/deployer/.nvm/v0.10.21/lib/node_modules/npm/node_modules/mkdirp/index.js:37:53
166 error fstream_stack Object.oncomplete (fs.js:107:15)
167 verbose exit [ 3, true ]
